build/app/intermediates/manifest_merge_blame_file/release/manifest-merger-blame-release-report.txt
1<?xml version="1.0" encoding="utf-8"?>
2<manifest xmlns:android="http://schemas.android.com/apk/res/android"
3    package="com.example.barcodebilling"
4    android:versionCode="1"
5    android:versionName="1.0.0" >
6
7    <uses-sdk
8        android:minSdkVersion="16"
8-->src/main/AndroidManifest.xml
9        android:targetSdkVersion="31" />
9-->src/main/AndroidManifest.xml
10
11    <uses-permission android:name="android.permission.CAMERA" />
11-->[:flutter_qr_bar_scanner] AndroidManifest.xml:7:5-65
11-->[:flutter_qr_bar_scanner] AndroidManifest.xml:7:22-62
12
13    <uses-feature
13-->[:flutter_qr_bar_scanner] AndroidManifest.xml:9:5-11:35
14        android:name="android.hardware.camera.autofocus"
14-->[:flutter_qr_bar_scanner] AndroidManifest.xml:10:9-57
15        android:required="true" />
15-->[:flutter_qr_bar_scanner] AndroidManifest.xml:11:9-32
16
17    <uses-permission android:name="android.permission.INTERNET" />
17-->[:flutter_share_me] AndroidManifest.xml:7:5-67
17-->[:flutter_share_me] AndroidManifest.xml:7:22-64
18    <uses-permission android:name="android.permission.WRITE_EXTERNAL_STORAGE" />
18-->[:flutter_share_me] AndroidManifest.xml:8:5-81
18-->[:flutter_share_me] AndroidManifest.xml:8:22-78
19
20    <queries>
20-->[:flutter_share_me] AndroidManifest.xml:10:5-12:15
21        <package android:name="com.instagram.android" />
21-->[:flutter_share_me] AndroidManifest.xml:11:9-57
21-->[:flutter_share_me] AndroidManifest.xml:11:18-54
22    </queries>
23
24    <uses-permission android:name="android.permission.READ_EXTERNAL_STORAGE" /> <!-- Although the *SdkVersion is captured in gradle build files, this is required for non gradle builds -->
25    <!-- <uses-sdk android:minSdkVersion="14"/> -->
26    <uses-permission android:name="android.permission.ACCESS_NETWORK_STATE" />
26-->[com.google.android.datatransport:transport-backend-cct:2.3.2] AndroidManifest.xml:25:5-79
26-->[com.google.android.datatransport:transport-backend-cct:2.3.2] AndroidManifest.xml:25:22-76
27    <uses-permission android:name="com.google.android.finsky.permission.BIND_GET_INSTALL_REFERRER_SERVICE" />
27-->[com.android.installreferrer:installreferrer:1.0] AndroidManifest.xml:9:5-110
27-->[com.android.installreferrer:installreferrer:1.0] AndroidManifest.xml:9:22-107
28
29    <application
30        android:name="android.app.Application"
30-->src/main/AndroidManifest.xml:5:9-42
31        android:appComponentFactory="androidx.core.app.CoreComponentFactory"
31-->[androidx.core:core:1.6.0] AndroidManifest.xml:24:18-86
32        android:icon="@mipmap/ic_launcher"
32-->src/main/AndroidManifest.xml:6:9-43
33        android:label="barcodebilling"
33-->src/main/AndroidManifest.xml:4:9-39
34        android:supportsRtl="true" >
34-->[com.facebook.android:facebook-share:5.15.3] AndroidManifest.xml:28:18-44
35        <activity
35-->src/main/AndroidManifest.xml:7:9-27:20
36            android:name="com.example.barcodebilling.MainActivity"
36-->src/main/AndroidManifest.xml:8:13-41
37            android:configChanges="orientation|keyboardHidden|keyboard|screenSize|smallestScreenSize|locale|layoutDirection|fontScale|screenLayout|density|uiMode"
37-->src/main/AndroidManifest.xml:12:13-163
38            android:exported="true"
38-->src/main/AndroidManifest.xml:9:13-36
39            android:hardwareAccelerated="true"
39-->src/main/AndroidManifest.xml:13:13-47
40            android:launchMode="singleTop"
40-->src/main/AndroidManifest.xml:10:13-43
41            android:theme="@style/LaunchTheme"
41-->src/main/AndroidManifest.xml:11:13-47
42            android:windowSoftInputMode="adjustResize" >
42-->src/main/AndroidManifest.xml:14:13-55
43
44            <!--
45                 Specifies an Android theme to apply to this Activity as soon as
46                 the Android process has started. This theme is visible to the user
47                 while the Flutter UI initializes. After that, this theme continues
48                 to determine the Window background behind the Flutter UI.
49            -->
50            <meta-data
50-->src/main/AndroidManifest.xml:19:13-22:17
51                android:name="io.flutter.embedding.android.NormalTheme"
51-->src/main/AndroidManifest.xml:20:15-70
52                android:resource="@style/NormalTheme" />
52-->src/main/AndroidManifest.xml:21:15-52
53
54            <intent-filter>
54-->src/main/AndroidManifest.xml:23:13-26:29
55                <action android:name="android.intent.action.MAIN" />
55-->src/main/AndroidManifest.xml:24:17-68
55-->src/main/AndroidManifest.xml:24:25-66
56
57                <category android:name="android.intent.category.LAUNCHER" />
57-->src/main/AndroidManifest.xml:25:17-76
57-->src/main/AndroidManifest.xml:25:27-74
58            </intent-filter>
59        </activity>
60        <!--
61             Don't delete the meta-data below.
62             This is used by the Flutter tool to generate GeneratedPluginRegistrant.java
63        -->
64        <meta-data
64-->src/main/AndroidManifest.xml:30:9-32:33
65            android:name="flutterEmbedding"
65-->src/main/AndroidManifest.xml:31:13-44
66            android:value="2" />
66-->src/main/AndroidManifest.xml:32:13-30
67        <meta-data
67-->[:flutter_qr_bar_scanner] AndroidManifest.xml:14:9-16:39
68            android:name="com.google.android.gms.vision.DEPENDENCIES"
68-->[:flutter_qr_bar_scanner] AndroidManifest.xml:15:13-70
69            android:value="barcode" />
69-->[:flutter_qr_bar_scanner] AndroidManifest.xml:16:13-36
70
71        <provider
71-->[:flutter_share_me] AndroidManifest.xml:15:9-23:20
72            android:name="zhuoyuan.li.fluttershareme.util.ShareFileProvider"
72-->[:flutter_share_me] AndroidManifest.xml:16:13-77
73            android:authorities="com.example.barcodebilling.provider"
73-->[:flutter_share_me] AndroidManifest.xml:17:13-60
74            android:exported="false"
74-->[:flutter_share_me] AndroidManifest.xml:18:13-37
75            android:grantUriPermissions="true" >
75-->[:flutter_share_me] AndroidManifest.xml:19:13-47
76            <meta-data
76-->[:flutter_share_me] AndroidManifest.xml:20:13-22:54
77                android:name="android.support.FILE_PROVIDER_PATHS"
77-->[:flutter_share_me] AndroidManifest.xml:21:17-67
78                android:resource="@xml/file_paths" />
78-->[:flutter_share_me] AndroidManifest.xml:22:17-51
79        </provider>
80
81        <activity
81-->[:url_launcher_android] AndroidManifest.xml:8:9-11:74
82            android:name="io.flutter.plugins.urllauncher.WebViewActivity"
82-->[:url_launcher_android] AndroidManifest.xml:9:13-74
83            android:exported="false"
83-->[:url_launcher_android] AndroidManifest.xml:10:13-37
84            android:theme="@android:style/Theme.NoTitleBar.Fullscreen" />
84-->[:url_launcher_android] AndroidManifest.xml:11:13-71
85
86        <uses-library
86-->[androidx.window:window:1.0.0-beta04] AndroidManifest.xml:25:9-27:40
87            android:name="androidx.window.extensions"
87-->[androidx.window:window:1.0.0-beta04] AndroidManifest.xml:26:13-54
88            android:required="false" />
88-->[androidx.window:window:1.0.0-beta04] AndroidManifest.xml:27:13-37
89        <uses-library
89-->[androidx.window:window:1.0.0-beta04] AndroidManifest.xml:28:9-30:40
90            android:name="androidx.window.sidecar"
90-->[androidx.window:window:1.0.0-beta04] AndroidManifest.xml:29:13-51
91            android:required="false" />
91-->[androidx.window:window:1.0.0-beta04] AndroidManifest.xml:30:13-37
92
93        <service
93-->[com.google.android.gms:play-services-mlkit-barcode-scanning:16.1.4] AndroidManifest.xml:9:9-15:19
94            android:name="com.google.mlkit.common.internal.MlKitComponentDiscoveryService"
94-->[com.google.android.gms:play-services-mlkit-barcode-scanning:16.1.4] AndroidManifest.xml:10:13-91
95            android:directBootAware="true"
95-->[com.google.mlkit:common:17.1.1] AndroidManifest.xml:17:13-43
96            android:exported="false" >
96-->[com.google.android.gms:play-services-mlkit-barcode-scanning:16.1.4] AndroidManifest.xml:11:13-37
97            <meta-data
97-->[com.google.android.gms:play-services-mlkit-barcode-scanning:16.1.4] AndroidManifest.xml:12:13-14:85
98                android:name="com.google.firebase.components:com.google.mlkit.vision.barcode.internal.BarcodeRegistrar"
98-->[com.google.android.gms:play-services-mlkit-barcode-scanning:16.1.4] AndroidManifest.xml:13:17-120
99                android:value="com.google.firebase.components.ComponentRegistrar" />
99-->[com.google.android.gms:play-services-mlkit-barcode-scanning:16.1.4] AndroidManifest.xml:14:17-82
100            <meta-data
100-->[com.google.mlkit:vision-common:16.3.0] AndroidManifest.xml:12:13-14:85
101                android:name="com.google.firebase.components:com.google.mlkit.vision.common.internal.VisionCommonRegistrar"
101-->[com.google.mlkit:vision-common:16.3.0] AndroidManifest.xml:13:17-124
102                android:value="com.google.firebase.components.ComponentRegistrar" />
102-->[com.google.mlkit:vision-common:16.3.0] AndroidManifest.xml:14:17-82
103            <meta-data
103-->[com.google.mlkit:common:17.1.1] AndroidManifest.xml:20:13-22:85
104                android:name="com.google.firebase.components:com.google.mlkit.common.internal.CommonComponentRegistrar"
104-->[com.google.mlkit:common:17.1.1] AndroidManifest.xml:21:17-120
105                android:value="com.google.firebase.components.ComponentRegistrar" />
105-->[com.google.mlkit:common:17.1.1] AndroidManifest.xml:22:17-82
106        </service>
107
108        <provider
108-->[com.google.mlkit:common:17.1.1] AndroidManifest.xml:9:9-13:38
109            android:name="com.google.mlkit.common.internal.MlKitInitProvider"
109-->[com.google.mlkit:common:17.1.1] AndroidManifest.xml:10:13-78
110            android:authorities="com.example.barcodebilling.mlkitinitprovider"
110-->[com.google.mlkit:common:17.1.1] AndroidManifest.xml:11:13-69
111            android:exported="false"
111-->[com.google.mlkit:common:17.1.1] AndroidManifest.xml:12:13-37
112            android:initOrder="99" />
112-->[com.google.mlkit:common:17.1.1] AndroidManifest.xml:13:13-35
113
114        <activity
114-->[com.google.android.gms:play-services-base:17.4.0] AndroidManifest.xml:23:9-26:75
115            android:name="com.google.android.gms.common.api.GoogleApiActivity"
115-->[com.google.android.gms:play-services-base:17.4.0] AndroidManifest.xml:24:13-79
116            android:exported="false"
116-->[com.google.android.gms:play-services-base:17.4.0] AndroidManifest.xml:25:13-37
117            android:theme="@android:style/Theme.Translucent.NoTitleBar" />
117-->[com.google.android.gms:play-services-base:17.4.0] AndroidManifest.xml:26:13-72
118
119        <meta-data
119-->[com.google.android.gms:play-services-basement:17.4.0] AndroidManifest.xml:23:9-25:69
120            android:name="com.google.android.gms.version"
120-->[com.google.android.gms:play-services-basement:17.4.0] AndroidManifest.xml:24:13-58
121            android:value="@integer/google_play_services_version" />
121-->[com.google.android.gms:play-services-basement:17.4.0] AndroidManifest.xml:25:13-66
122
123        <service
123-->[com.google.android.datatransport:transport-backend-cct:2.3.2] AndroidManifest.xml:29:9-35:19
124            android:name="com.google.android.datatransport.runtime.backends.TransportBackendDiscovery"
124-->[com.google.android.datatransport:transport-backend-cct:2.3.2] AndroidManifest.xml:30:13-103
125            android:exported="false" >
125-->[com.google.android.datatransport:transport-backend-cct:2.3.2] AndroidManifest.xml:31:13-37
126            <meta-data
126-->[com.google.android.datatransport:transport-backend-cct:2.3.2] AndroidManifest.xml:32:13-34:39
127                android:name="backend:com.google.android.datatransport.cct.CctBackendFactory"
127-->[com.google.android.datatransport:transport-backend-cct:2.3.2] AndroidManifest.xml:33:17-94
128                android:value="cct" />
128-->[com.google.android.datatransport:transport-backend-cct:2.3.2] AndroidManifest.xml:34:17-36
129        </service>
130
131        <activity
131-->[com.facebook.android:facebook-common:5.15.3] AndroidManifest.xml:30:9-33:66
132            android:name="com.facebook.FacebookActivity"
132-->[com.facebook.android:facebook-common:5.15.3] AndroidManifest.xml:31:13-57
133            android:configChanges="keyboard|keyboardHidden|screenLayout|screenSize|orientation"
133-->[com.facebook.android:facebook-common:5.15.3] AndroidManifest.xml:32:13-96
134            android:theme="@style/com_facebook_activity_theme" />
134-->[com.facebook.android:facebook-common:5.15.3] AndroidManifest.xml:33:13-63
135        <activity android:name="com.facebook.CustomTabMainActivity" />
135-->[com.facebook.android:facebook-common:5.15.3] AndroidManifest.xml:34:9-71
135-->[com.facebook.android:facebook-common:5.15.3] AndroidManifest.xml:34:19-68
136        <activity
136-->[com.facebook.android:facebook-common:5.15.3] AndroidManifest.xml:35:9-49:20
137            android:name="com.facebook.CustomTabActivity"
137-->[com.facebook.android:facebook-common:5.15.3] AndroidManifest.xml:36:13-58
138            android:exported="true" >
138-->[com.facebook.android:facebook-common:5.15.3] AndroidManifest.xml:37:13-36
139            <intent-filter>
139-->[com.facebook.android:facebook-common:5.15.3] AndroidManifest.xml:39:13-48:29
140                <action android:name="android.intent.action.VIEW" />
140-->[com.facebook.android:facebook-common:5.15.3] AndroidManifest.xml:40:17-69
140-->[com.facebook.android:facebook-common:5.15.3] AndroidManifest.xml:40:25-66
141
142                <category android:name="android.intent.category.DEFAULT" />
142-->[com.facebook.android:facebook-common:5.15.3] AndroidManifest.xml:42:17-76
142-->[com.facebook.android:facebook-common:5.15.3] AndroidManifest.xml:42:27-73
143                <category android:name="android.intent.category.BROWSABLE" />
143-->[com.facebook.android:facebook-common:5.15.3] AndroidManifest.xml:43:17-78
143-->[com.facebook.android:facebook-common:5.15.3] AndroidManifest.xml:43:27-75
144
145                <data
145-->[com.facebook.android:facebook-common:5.15.3] AndroidManifest.xml:45:17-47:50
146                    android:host="cct.com.example.barcodebilling"
146-->[com.facebook.android:facebook-common:5.15.3] AndroidManifest.xml:46:21-56
147                    android:scheme="fbconnect" />
147-->[com.facebook.android:facebook-common:5.15.3] AndroidManifest.xml:47:21-47
148            </intent-filter>
149        </activity>
150        <activity
150-->[com.twitter.sdk.android:tweet-ui:3.1.1] AndroidManifest.xml:28:9-31:49
151            android:name="com.twitter.sdk.android.tweetui.PlayerActivity"
151-->[com.twitter.sdk.android:tweet-ui:3.1.1] AndroidManifest.xml:29:13-74
152            android:configChanges="keyboardHidden|orientation|screenSize"
152-->[com.twitter.sdk.android:tweet-ui:3.1.1] AndroidManifest.xml:30:13-74
153            android:theme="@style/MediaTheme" />
153-->[com.twitter.sdk.android:tweet-ui:3.1.1] AndroidManifest.xml:31:13-46
154        <activity
154-->[com.twitter.sdk.android:tweet-ui:3.1.1] AndroidManifest.xml:32:9-34:49
155            android:name="com.twitter.sdk.android.tweetui.GalleryActivity"
155-->[com.twitter.sdk.android:tweet-ui:3.1.1] AndroidManifest.xml:33:13-75
156            android:theme="@style/MediaTheme" />
156-->[com.twitter.sdk.android:tweet-ui:3.1.1] AndroidManifest.xml:34:13-46
157        <!--
158         The initialization ContentProvider will call FacebookSdk.sdkInitialize automatically
159         with the application context. This config is merged in with the host app's manifest,
160         but there can only be one provider with the same authority activated at any given
161         point; so if the end user has two or more different apps that use Facebook SDK, only the
162         first one will be able to use the provider. To work around this problem, we use the
163         following placeholder in the authority to identify each host application as if it was
164         a completely different provider.
165        -->
166        <provider
166-->[com.facebook.android:facebook-core:5.15.3] AndroidManifest.xml:39:9-42:40
167            android:name="com.facebook.internal.FacebookInitProvider"
167-->[com.facebook.android:facebook-core:5.15.3] AndroidManifest.xml:40:13-70
168            android:authorities="com.example.barcodebilling.FacebookInitProvider"
168-->[com.facebook.android:facebook-core:5.15.3] AndroidManifest.xml:41:13-72
169            android:exported="false" />
169-->[com.facebook.android:facebook-core:5.15.3] AndroidManifest.xml:42:13-37
170
171        <receiver
171-->[com.facebook.android:facebook-core:5.15.3] AndroidManifest.xml:44:9-50:20
172            android:name="com.facebook.CurrentAccessTokenExpirationBroadcastReceiver"
172-->[com.facebook.android:facebook-core:5.15.3] AndroidManifest.xml:45:13-86
173            android:exported="false" >
173-->[com.facebook.android:facebook-core:5.15.3] AndroidManifest.xml:46:13-37
174            <intent-filter>
174-->[com.facebook.android:facebook-core:5.15.3] AndroidManifest.xml:47:13-49:29
175                <action android:name="com.facebook.sdk.ACTION_CURRENT_ACCESS_TOKEN_CHANGED" />
175-->[com.facebook.android:facebook-core:5.15.3] AndroidManifest.xml:48:17-95
175-->[com.facebook.android:facebook-core:5.15.3] AndroidManifest.xml:48:25-92
176            </intent-filter>
177        </receiver>
178
179        <service
179-->[com.google.android.datatransport:transport-runtime:2.2.5] AndroidManifest.xml:26:9-30:19
180            android:name="com.google.android.datatransport.runtime.scheduling.jobscheduling.JobInfoSchedulerService"
180-->[com.google.android.datatransport:transport-runtime:2.2.5] AndroidManifest.xml:27:13-117
181            android:exported="false"
181-->[com.google.android.datatransport:transport-runtime:2.2.5] AndroidManifest.xml:28:13-37
182            android:permission="android.permission.BIND_JOB_SERVICE" >
182-->[com.google.android.datatransport:transport-runtime:2.2.5] AndroidManifest.xml:29:13-69
183        </service>
184
185        <receiver
185-->[com.google.android.datatransport:transport-runtime:2.2.5] AndroidManifest.xml:32:9-34:40
186            android:name="com.google.android.datatransport.runtime.scheduling.jobscheduling.AlarmManagerSchedulerBroadcastReceiver"
186-->[com.google.android.datatransport:transport-runtime:2.2.5] AndroidManifest.xml:33:13-132
187            android:exported="false" />
187-->[com.google.android.datatransport:transport-runtime:2.2.5] AndroidManifest.xml:34:13-37
188
189        <activity
189-->[com.twitter.sdk.android:tweet-composer:3.1.1] AndroidManifest.xml:28:9-31:71
190            android:name="com.twitter.sdk.android.tweetcomposer.ComposerActivity"
190-->[com.twitter.sdk.android:tweet-composer:3.1.1] AndroidManifest.xml:29:13-82
191            android:exported="false"
191-->[com.twitter.sdk.android:tweet-composer:3.1.1] AndroidManifest.xml:30:13-37
192            android:windowSoftInputMode="adjustResize|stateVisible" />
192-->[com.twitter.sdk.android:tweet-composer:3.1.1] AndroidManifest.xml:31:13-68
193
194        <service
194-->[com.twitter.sdk.android:tweet-composer:3.1.1] AndroidManifest.xml:33:9-36:40
195            android:name="com.twitter.sdk.android.tweetcomposer.TweetUploadService"
195-->[com.twitter.sdk.android:tweet-composer:3.1.1] AndroidManifest.xml:34:13-84
196            android:enabled="true"
196-->[com.twitter.sdk.android:tweet-composer:3.1.1] AndroidManifest.xml:35:13-35
197            android:exported="false" />
197-->[com.twitter.sdk.android:tweet-composer:3.1.1] AndroidManifest.xml:36:13-37
198
199        <activity
199-->[com.twitter.sdk.android:twitter-core:3.1.1] AndroidManifest.xml:28:9-32:40
200            android:name="com.twitter.sdk.android.core.identity.OAuthActivity"
200-->[com.twitter.sdk.android:twitter-core:3.1.1] AndroidManifest.xml:29:13-79
201            android:configChanges="orientation|screenSize"
201-->[com.twitter.sdk.android:twitter-core:3.1.1] AndroidManifest.xml:30:13-59
202            android:excludeFromRecents="true"
202-->[com.twitter.sdk.android:twitter-core:3.1.1] AndroidManifest.xml:31:13-46
203            android:exported="false" />
203-->[com.twitter.sdk.android:twitter-core:3.1.1] AndroidManifest.xml:32:13-37
204    </application>
205
206</manifest>